2024-09-08T20:22:22+00:00 CRITICAL Fatal error: Class "DOMDocument" not found (/var/www/html/wordpress/wordpress/wp-content/plugins/woocommerce-pdf-invoices-packing-slips/includes/wcpdf-functions.php:578)
2024-09-08T20:22:44+00:00 INFO Template setting migrated from /var/www/html/wordpress/wordpress/wp-content/plugins/woocommerce-pdf-invoices-packing-slips/templates/Simple to default/Simple
2024-09-08T20:22:45+00:00 CRITICAL Error trying to generate document: #0 /var/www/html/wordpress/wordpress/wp-content/plugins/woocommerce-pdf-invoices-packing-slips/includes/documents/abstract-wcpdf-order-document-methods.php(99): wpo_wcpdf_sanitize_html_content()
#1 /var/www/html/wordpress/wordpress/wp-content/plugins/woocommerce-pdf-invoices-packing-slips/includes/documents/abstract-wcpdf-order-document-methods.php(111): WPO\WC\PDF_Invoices\Documents\Order_Document_Methods->get_billing_address()
#2 /var/www/html/wordpress/wordpress/wp-content/plugins/woocommerce-pdf-invoices-packing-slips/templates/Simple/invoice.php(42): WPO\WC\PDF_Invoices\Documents\Order_Document_Methods->billing_address()
#3 /var/www/html/wordpress/wordpress/wp-content/plugins/woocommerce-pdf-invoices-packing-slips/includes/documents/abstract-wcpdf-order-document.php(1213): include('...')
#4 /var/www/html/wordpress/wordpress/wp-content/plugins/woocommerce-pdf-invoices-packing-slips/includes/documents/abstract-wcpdf-order-document.php(1071): WPO\WC\PDF_Invoices\Documents\Order_Document->render_template()
#5 /var/www/html/wordpress/wordpress/wp-content/plugins/woocommerce-pdf-invoices-packing-slips/includes/documents/abstract-wcpdf-order-document.php(1051): WPO\WC\PDF_Invoices\Documents\Order_Document->get_html()
#6 /var/www/html/wordpress/wordpress/wp-content/plugins/woocommerce-pdf-invoices-packing-slips/includes/class-wcpdf-settings.php(338): WPO\WC\PDF_Invoices\Documents\Order_Document->preview_pdf()
#7 /var/www/html/wordpress/wordpress/wp-includes/class-wp-hook.php(324): WPO\WC\PDF_Invoices\Settings->ajax_preview()
#8 /var/www/html/wordpress/wordpress/wp-includes/class-wp-hook.php(348): WP_Hook->apply_filters()
#9 /var/www/html/wordpress/wordpress/wp-includes/plugin.php(517): WP_Hook->do_action()
#10 /var/www/html/wordpress/wordpress/wp-admin/admin-ajax.php(192): do_action()
#11 {main}
2024-09-08T20:22:58+00:00 CRITICAL Table 'wordpress.wp_wcpdf_invoice_number' doesn't exist
2024-09-08T20:22:59+00:00 CRITICAL Error trying to generate document: #0 /var/www/html/wordpress/wordpress/wp-content/plugins/woocommerce-pdf-invoices-packing-slips/includes/documents/abstract-wcpdf-order-document-methods.php(99): wpo_wcpdf_sanitize_html_content()
#1 /var/www/html/wordpress/wordpress/wp-content/plugins/woocommerce-pdf-invoices-packing-slips/includes/documents/abstract-wcpdf-order-document-methods.php(111): WPO\WC\PDF_Invoices\Documents\Order_Document_Methods->get_billing_address()
#2 /var/www/html/wordpress/wordpress/wp-content/plugins/woocommerce-pdf-invoices-packing-slips/templates/Simple/invoice.php(42): WPO\WC\PDF_Invoices\Documents\Order_Document_Methods->billing_address()
#3 /var/www/html/wordpress/wordpress/wp-content/plugins/woocommerce-pdf-invoices-packing-slips/includes/documents/abstract-wcpdf-order-document.php(1213): include('...')
#4 /var/www/html/wordpress/wordpress/wp-content/plugins/woocommerce-pdf-invoices-packing-slips/includes/documents/abstract-wcpdf-order-document.php(1071): WPO\WC\PDF_Invoices\Documents\Order_Document->render_template()
#5 /var/www/html/wordpress/wordpress/wp-content/plugins/woocommerce-pdf-invoices-packing-slips/includes/documents/abstract-wcpdf-order-document.php(1051): WPO\WC\PDF_Invoices\Documents\Order_Document->get_html()
#6 /var/www/html/wordpress/wordpress/wp-content/plugins/woocommerce-pdf-invoices-packing-slips/includes/class-wcpdf-settings.php(338): WPO\WC\PDF_Invoices\Documents\Order_Document->preview_pdf()
#7 /var/www/html/wordpress/wordpress/wp-includes/class-wp-hook.php(324): WPO\WC\PDF_Invoices\Settings->ajax_preview()
#8 /var/www/html/wordpress/wordpress/wp-includes/class-wp-hook.php(348): WP_Hook->apply_filters()
#9 /var/www/html/wordpress/wordpress/wp-includes/plugin.php(517): WP_Hook->do_action()
#10 /var/www/html/wordpress/wordpress/wp-admin/admin-ajax.php(192): do_action()
#11 {main}
2024-09-08T20:23:20+00:00 CRITICAL Error trying to generate document: #0 /var/www/html/wordpress/wordpress/wp-content/plugins/woocommerce-pdf-invoices-packing-slips/includes/documents/abstract-wcpdf-order-document-methods.php(99): wpo_wcpdf_sanitize_html_content()
#1 /var/www/html/wordpress/wordpress/wp-content/plugins/woocommerce-pdf-invoices-packing-slips/includes/documents/abstract-wcpdf-order-document-methods.php(111): WPO\WC\PDF_Invoices\Documents\Order_Document_Methods->get_billing_address()
#2 /var/www/html/wordpress/wordpress/wp-content/plugins/woocommerce-pdf-invoices-packing-slips/templates/Simple/invoice.php(42): WPO\WC\PDF_Invoices\Documents\Order_Document_Methods->billing_address()
#3 /var/www/html/wordpress/wordpress/wp-content/plugins/woocommerce-pdf-invoices-packing-slips/includes/documents/abstract-wcpdf-order-document.php(1213): include('...')
#4 /var/www/html/wordpress/wordpress/wp-content/plugins/woocommerce-pdf-invoices-packing-slips/includes/documents/abstract-wcpdf-order-document.php(1071): WPO\WC\PDF_Invoices\Documents\Order_Document->render_template()
#5 /var/www/html/wordpress/wordpress/wp-content/plugins/woocommerce-pdf-invoices-packing-slips/includes/documents/abstract-wcpdf-order-document.php(1051): WPO\WC\PDF_Invoices\Documents\Order_Document->get_html()
#6 /var/www/html/wordpress/wordpress/wp-content/plugins/woocommerce-pdf-invoices-packing-slips/includes/class-wcpdf-settings.php(338): WPO\WC\PDF_Invoices\Documents\Order_Document->preview_pdf()
#7 /var/www/html/wordpress/wordpress/wp-includes/class-wp-hook.php(324): WPO\WC\PDF_Invoices\Settings->ajax_preview()
#8 /var/www/html/wordpress/wordpress/wp-includes/class-wp-hook.php(348): WP_Hook->apply_filters()
#9 /var/www/html/wordpress/wordpress/wp-includes/plugin.php(517): WP_Hook->do_action()
#10 /var/www/html/wordpress/wordpress/wp-admin/admin-ajax.php(192): do_action()
#11 {main}
2024-09-08T20:24:23+00:00 CRITICAL Error trying to generate document: #0 /var/www/html/wordpress/wordpress/wp-content/plugins/woocommerce-pdf-invoices-packing-slips/includes/documents/abstract-wcpdf-order-document-methods.php(99): wpo_wcpdf_sanitize_html_content()
#1 /var/www/html/wordpress/wordpress/wp-content/plugins/woocommerce-pdf-invoices-packing-slips/includes/documents/abstract-wcpdf-order-document-methods.php(111): WPO\WC\PDF_Invoices\Documents\Order_Document_Methods->get_billing_address()
#2 /var/www/html/wordpress/wordpress/wp-content/plugins/woocommerce-pdf-invoices-packing-slips/templates/Simple/invoice.php(42): WPO\WC\PDF_Invoices\Documents\Order_Document_Methods->billing_address()
#3 /var/www/html/wordpress/wordpress/wp-content/plugins/woocommerce-pdf-invoices-packing-slips/includes/documents/abstract-wcpdf-order-document.php(1213): include('...')
#4 /var/www/html/wordpress/wordpress/wp-content/plugins/woocommerce-pdf-invoices-packing-slips/includes/documents/abstract-wcpdf-order-document.php(1071): WPO\WC\PDF_Invoices\Documents\Order_Document->render_template()
#5 /var/www/html/wordpress/wordpress/wp-content/plugins/woocommerce-pdf-invoices-packing-slips/includes/documents/abstract-wcpdf-order-document.php(1051): WPO\WC\PDF_Invoices\Documents\Order_Document->get_html()
#6 /var/www/html/wordpress/wordpress/wp-content/plugins/woocommerce-pdf-invoices-packing-slips/includes/class-wcpdf-settings.php(338): WPO\WC\PDF_Invoices\Documents\Order_Document->preview_pdf()
#7 /var/www/html/wordpress/wordpress/wp-includes/class-wp-hook.php(324): WPO\WC\PDF_Invoices\Settings->ajax_preview()
#8 /var/www/html/wordpress/wordpress/wp-includes/class-wp-hook.php(348): WP_Hook->apply_filters()
#9 /var/www/html/wordpress/wordpress/wp-includes/plugin.php(517): WP_Hook->do_action()
#10 /var/www/html/wordpress/wordpress/wp-admin/admin-ajax.php(192): do_action()
#11 {main}
2024-09-08T20:26:14+00:00 CRITICAL Table 'wordpress.wp_wcpdf_packing_slip_number' doesn't exist
2024-09-08T20:26:14+00:00 CRITICAL Error trying to generate document: #0 /var/www/html/wordpress/wordpress/wp-content/plugins/woocommerce-pdf-invoices-packing-slips/includes/documents/abstract-wcpdf-order-document-methods.php(210): wpo_wcpdf_sanitize_html_content()
#1 /var/www/html/wordpress/wordpress/wp-content/plugins/woocommerce-pdf-invoices-packing-slips/includes/documents/abstract-wcpdf-order-document-methods.php(222): WPO\WC\PDF_Invoices\Documents\Order_Document_Methods->get_shipping_address()
#2 /var/www/html/wordpress/wordpress/wp-content/plugins/woocommerce-pdf-invoices-packing-slips/templates/Simple/packing-slip.php(42): WPO\WC\PDF_Invoices\Documents\Order_Document_Methods->shipping_address()
#3 /var/www/html/wordpress/wordpress/wp-content/plugins/woocommerce-pdf-invoices-packing-slips/includes/documents/abstract-wcpdf-order-document.php(1213): include('...')
#4 /var/www/html/wordpress/wordpress/wp-content/plugins/woocommerce-pdf-invoices-packing-slips/includes/documents/abstract-wcpdf-order-document.php(1071): WPO\WC\PDF_Invoices\Documents\Order_Document->render_template()
#5 /var/www/html/wordpress/wordpress/wp-content/plugins/woocommerce-pdf-invoices-packing-slips/includes/documents/abstract-wcpdf-order-document.php(1051): WPO\WC\PDF_Invoices\Documents\Order_Document->get_html()
#6 /var/www/html/wordpress/wordpress/wp-content/plugins/woocommerce-pdf-invoices-packing-slips/includes/class-wcpdf-settings.php(338): WPO\WC\PDF_Invoices\Documents\Order_Document->preview_pdf()
#7 /var/www/html/wordpress/wordpress/wp-includes/class-wp-hook.php(324): WPO\WC\PDF_Invoices\Settings->ajax_preview()
#8 /var/www/html/wordpress/wordpress/wp-includes/class-wp-hook.php(348): WP_Hook->apply_filters()
#9 /var/www/html/wordpress/wordpress/wp-includes/plugin.php(517): WP_Hook->do_action()
#10 /var/www/html/wordpress/wordpress/wp-admin/admin-ajax.php(192): do_action()
#11 {main}
2024-09-08T20:26:24+00:00 CRITICAL Error trying to generate document: #0 /var/www/html/wordpress/wordpress/wp-content/plugins/woocommerce-pdf-invoices-packing-slips/includes/documents/abstract-wcpdf-order-document-methods.php(99): wpo_wcpdf_sanitize_html_content()
#1 /var/www/html/wordpress/wordpress/wp-content/plugins/woocommerce-pdf-invoices-packing-slips/includes/documents/abstract-wcpdf-order-document-methods.php(111): WPO\WC\PDF_Invoices\Documents\Order_Document_Methods->get_billing_address()
#2 /var/www/html/wordpress/wordpress/wp-content/plugins/woocommerce-pdf-invoices-packing-slips/templates/Simple/invoice.php(42): WPO\WC\PDF_Invoices\Documents\Order_Document_Methods->billing_address()
#3 /var/www/html/wordpress/wordpress/wp-content/plugins/woocommerce-pdf-invoices-packing-slips/includes/documents/abstract-wcpdf-order-document.php(1213): include('...')
#4 /var/www/html/wordpress/wordpress/wp-content/plugins/woocommerce-pdf-invoices-packing-slips/includes/documents/abstract-wcpdf-order-document.php(1071): WPO\WC\PDF_Invoices\Documents\Order_Document->render_template()
#5 /var/www/html/wordpress/wordpress/wp-content/plugins/woocommerce-pdf-invoices-packing-slips/includes/documents/abstract-wcpdf-order-document.php(1051): WPO\WC\PDF_Invoices\Documents\Order_Document->get_html()
#6 /var/www/html/wordpress/wordpress/wp-content/plugins/woocommerce-pdf-invoices-packing-slips/includes/class-wcpdf-settings.php(338): WPO\WC\PDF_Invoices\Documents\Order_Document->preview_pdf()
#7 /var/www/html/wordpress/wordpress/wp-includes/class-wp-hook.php(324): WPO\WC\PDF_Invoices\Settings->ajax_preview()
#8 /var/www/html/wordpress/wordpress/wp-includes/class-wp-hook.php(348): WP_Hook->apply_filters()
#9 /var/www/html/wordpress/wordpress/wp-includes/plugin.php(517): WP_Hook->do_action()
#10 /var/www/html/wordpress/wordpress/wp-admin/admin-ajax.php(192): do_action()
#11 {main}
2024-09-08T20:26:34+00:00 CRITICAL Error trying to generate document: #0 /var/www/html/wordpress/wordpress/wp-content/plugins/woocommerce-pdf-invoices-packing-slips/includes/documents/abstract-wcpdf-order-document-methods.php(210): wpo_wcpdf_sanitize_html_content()
#1 /var/www/html/wordpress/wordpress/wp-content/plugins/woocommerce-pdf-invoices-packing-slips/includes/documents/abstract-wcpdf-order-document-methods.php(222): WPO\WC\PDF_Invoices\Documents\Order_Document_Methods->get_shipping_address()
#2 /var/www/html/wordpress/wordpress/wp-content/plugins/woocommerce-pdf-invoices-packing-slips/templates/Simple/packing-slip.php(42): WPO\WC\PDF_Invoices\Documents\Order_Document_Methods->shipping_address()
#3 /var/www/html/wordpress/wordpress/wp-content/plugins/woocommerce-pdf-invoices-packing-slips/includes/documents/abstract-wcpdf-order-document.php(1213): include('...')
#4 /var/www/html/wordpress/wordpress/wp-content/plugins/woocommerce-pdf-invoices-packing-slips/includes/documents/abstract-wcpdf-order-document.php(1071): WPO\WC\PDF_Invoices\Documents\Order_Document->render_template()
#5 /var/www/html/wordpress/wordpress/wp-content/plugins/woocommerce-pdf-invoices-packing-slips/includes/documents/abstract-wcpdf-order-document.php(1051): WPO\WC\PDF_Invoices\Documents\Order_Document->get_html()
#6 /var/www/html/wordpress/wordpress/wp-content/plugins/woocommerce-pdf-invoices-packing-slips/includes/class-wcpdf-settings.php(338): WPO\WC\PDF_Invoices\Documents\Order_Document->preview_pdf()
#7 /var/www/html/wordpress/wordpress/wp-includes/class-wp-hook.php(324): WPO\WC\PDF_Invoices\Settings->ajax_preview()
#8 /var/www/html/wordpress/wordpress/wp-includes/class-wp-hook.php(348): WP_Hook->apply_filters()
#9 /var/www/html/wordpress/wordpress/wp-includes/plugin.php(517): WP_Hook->do_action()
#10 /var/www/html/wordpress/wordpress/wp-admin/admin-ajax.php(192): do_action()
#11 {main}
2024-09-08T20:28:38+00:00 CRITICAL Error trying to generate document: #0 /var/www/html/wordpress/wordpress/wp-content/plugins/woocommerce-pdf-invoices-packing-slips/includes/documents/abstract-wcpdf-order-document-methods.php(99): wpo_wcpdf_sanitize_html_content()
#1 /var/www/html/wordpress/wordpress/wp-content/plugins/woocommerce-pdf-invoices-packing-slips/includes/documents/abstract-wcpdf-order-document-methods.php(111): WPO\WC\PDF_Invoices\Documents\Order_Document_Methods->get_billing_address()
#2 /var/www/html/wordpress/wordpress/wp-content/plugins/woocommerce-pdf-invoices-packing-slips/templates/Simple/invoice.php(42): WPO\WC\PDF_Invoices\Documents\Order_Document_Methods->billing_address()
#3 /var/www/html/wordpress/wordpress/wp-content/plugins/woocommerce-pdf-invoices-packing-slips/includes/documents/abstract-wcpdf-order-document.php(1213): include('...')
#4 /var/www/html/wordpress/wordpress/wp-content/plugins/woocommerce-pdf-invoices-packing-slips/includes/documents/abstract-wcpdf-order-document.php(1071): WPO\WC\PDF_Invoices\Documents\Order_Document->render_template()
#5 /var/www/html/wordpress/wordpress/wp-content/plugins/woocommerce-pdf-invoices-packing-slips/includes/documents/abstract-wcpdf-order-document.php(1051): WPO\WC\PDF_Invoices\Documents\Order_Document->get_html()
#6 /var/www/html/wordpress/wordpress/wp-content/plugins/woocommerce-pdf-invoices-packing-slips/includes/class-wcpdf-settings.php(338): WPO\WC\PDF_Invoices\Documents\Order_Document->preview_pdf()
#7 /var/www/html/wordpress/wordpress/wp-includes/class-wp-hook.php(324): WPO\WC\PDF_Invoices\Settings->ajax_preview()
#8 /var/www/html/wordpress/wordpress/wp-includes/class-wp-hook.php(348): WP_Hook->apply_filters()
#9 /var/www/html/wordpress/wordpress/wp-includes/plugin.php(517): WP_Hook->do_action()
#10 /var/www/html/wordpress/wordpress/wp-admin/admin-ajax.php(192): do_action()
#11 {main}
2024-09-08T20:29:04+00:00 CRITICAL Error trying to generate document: #0 /var/www/html/wordpress/wordpress/wp-content/plugins/woocommerce-pdf-invoices-packing-slips/includes/documents/abstract-wcpdf-order-document-methods.php(99): wpo_wcpdf_sanitize_html_content()
#1 /var/www/html/wordpress/wordpress/wp-content/plugins/woocommerce-pdf-invoices-packing-slips/includes/documents/abstract-wcpdf-order-document-methods.php(111): WPO\WC\PDF_Invoices\Documents\Order_Document_Methods->get_billing_address()
#2 /var/www/html/wordpress/wordpress/wp-content/plugins/woocommerce-pdf-invoices-packing-slips/templates/Simple/invoice.php(42): WPO\WC\PDF_Invoices\Documents\Order_Document_Methods->billing_address()
#3 /var/www/html/wordpress/wordpress/wp-content/plugins/woocommerce-pdf-invoices-packing-slips/includes/documents/abstract-wcpdf-order-document.php(1213): include('...')
#4 /var/www/html/wordpress/wordpress/wp-content/plugins/woocommerce-pdf-invoices-packing-slips/includes/documents/abstract-wcpdf-order-document.php(1071): WPO\WC\PDF_Invoices\Documents\Order_Document->render_template()
#5 /var/www/html/wordpress/wordpress/wp-content/plugins/woocommerce-pdf-invoices-packing-slips/includes/documents/abstract-wcpdf-order-document.php(1051): WPO\WC\PDF_Invoices\Documents\Order_Document->get_html()
#6 /var/www/html/wordpress/wordpress/wp-content/plugins/woocommerce-pdf-invoices-packing-slips/includes/class-wcpdf-settings.php(338): WPO\WC\PDF_Invoices\Documents\Order_Document->preview_pdf()
#7 /var/www/html/wordpress/wordpress/wp-includes/class-wp-hook.php(324): WPO\WC\PDF_Invoices\Settings->ajax_preview()
#8 /var/www/html/wordpress/wordpress/wp-includes/class-wp-hook.php(348): WP_Hook->apply_filters()
#9 /var/www/html/wordpress/wordpress/wp-includes/plugin.php(517): WP_Hook->do_action()
#10 /var/www/html/wordpress/wordpress/wp-admin/admin-ajax.php(192): do_action()
#11 {main}
2024-09-08T20:29:45+00:00 CRITICAL Error trying to generate document: #0 /var/www/html/wordpress/wordpress/wp-content/plugins/woocommerce-pdf-invoices-packing-slips/vendor/dompdf/dompdf/src/Adapter/CPDF.php(668): Dompdf\Cpdf->addPngFromFile()
#1 /var/www/html/wordpress/wordpress/wp-content/plugins/woocommerce-pdf-invoices-packing-slips/vendor/dompdf/dompdf/src/Renderer/Image.php(63): Dompdf\Adapter\CPDF->image()
#2 /var/www/html/wordpress/wordpress/wp-content/plugins/woocommerce-pdf-invoices-packing-slips/vendor/dompdf/dompdf/src/Renderer.php(305): Dompdf\Renderer\Image->render()
#3 /var/www/html/wordpress/wordpress/wp-content/plugins/woocommerce-pdf-invoices-packing-slips/vendor/dompdf/dompdf/src/Renderer.php(140): Dompdf\Renderer->_render_frame()
#4 /var/www/html/wordpress/wordpress/wp-content/plugins/woocommerce-pdf-invoices-packing-slips/vendor/dompdf/dompdf/src/Renderer.php(207): Dompdf\Renderer->render()
#5 /var/www/html/wordpress/wordpress/wp-content/plugins/woocommerce-pdf-invoices-packing-slips/vendor/dompdf/dompdf/src/Renderer.php(207): Dompdf\Renderer->render()
#6 /var/www/html/wordpress/wordpress/wp-content/plugins/woocommerce-pdf-invoices-packing-slips/vendor/dompdf/dompdf/src/Renderer.php(207): Dompdf\Renderer->render()
#7 /var/www/html/wordpress/wordpress/wp-content/plugins/woocommerce-pdf-invoices-packing-slips/vendor/dompdf/dompdf/src/Renderer.php(207): Dompdf\Renderer->render()
#8 /var/www/html/wordpress/wordpress/wp-content/plugins/woocommerce-pdf-invoices-packing-slips/vendor/dompdf/dompdf/src/Renderer.php(207): Dompdf\Renderer->render()
#9 /var/www/html/wordpress/wordpress/wp-content/plugins/woocommerce-pdf-invoices-packing-slips/vendor/dompdf/dompdf/src/FrameReflower/Page.php(149): Dompdf\Renderer->render()
#10 /var/www/html/wordpress/wordpress/wp-content/plugins/woocommerce-pdf-invoices-packing-slips/vendor/dompdf/dompdf/src/FrameDecorator/AbstractFrameDecorator.php(905): Dompdf\FrameReflower\Page->reflow()
#11 /var/www/html/wordpress/wordpress/wp-content/plugins/woocommerce-pdf-invoices-packing-slips/vendor/dompdf/dompdf/src/Dompdf.php(808): Dompdf\FrameDecorator\AbstractFrameDecorator->reflow()
#12 /var/www/html/wordpress/wordpress/wp-content/plugins/woocommerce-pdf-invoices-packing-slips/includes/makers/class-pdf-maker.php(54): Dompdf\Dompdf->render()
#13 /var/www/html/wordpress/wordpress/wp-content/plugins/woocommerce-pdf-invoices-packing-slips/includes/documents/abstract-wcpdf-order-document.php(1052): WPO\WC\PDF_Invoices\Makers\PDF_Maker->output()
#14 /var/www/html/wordpress/wordpress/wp-content/plugins/woocommerce-pdf-invoices-packing-slips/includes/class-wcpdf-settings.php(338): WPO\WC\PDF_Invoices\Documents\Order_Document->preview_pdf()
#15 /var/www/html/wordpress/wordpress/wp-includes/class-wp-hook.php(324): WPO\WC\PDF_Invoices\Settings->ajax_preview()
#16 /var/www/html/wordpress/wordpress/wp-includes/class-wp-hook.php(348): WP_Hook->apply_filters()
#17 /var/www/html/wordpress/wordpress/wp-includes/plugin.php(517): WP_Hook->do_action()
#18 /var/www/html/wordpress/wordpress/wp-admin/admin-ajax.php(192): do_action()
#19 {main}
2024-09-08T20:31:52+00:00 CRITICAL Error trying to generate document: #0 /var/www/html/wordpress/wordpress/wp-content/plugins/woocommerce-pdf-invoices-packing-slips/vendor/dompdf/dompdf/src/Adapter/CPDF.php(668): Dompdf\Cpdf->addPngFromFile()
#1 /var/www/html/wordpress/wordpress/wp-content/plugins/woocommerce-pdf-invoices-packing-slips/vendor/dompdf/dompdf/src/Renderer/Image.php(63): Dompdf\Adapter\CPDF->image()
#2 /var/www/html/wordpress/wordpress/wp-content/plugins/woocommerce-pdf-invoices-packing-slips/vendor/dompdf/dompdf/src/Renderer.php(305): Dompdf\Renderer\Image->render()
#3 /var/www/html/wordpress/wordpress/wp-content/plugins/woocommerce-pdf-invoices-packing-slips/vendor/dompdf/dompdf/src/Renderer.php(140): Dompdf\Renderer->_render_frame()
#4 /var/www/html/wordpress/wordpress/wp-content/plugins/woocommerce-pdf-invoices-packing-slips/vendor/dompdf/dompdf/src/Renderer.php(207): Dompdf\Renderer->render()
#5 /var/www/html/wordpress/wordpress/wp-content/plugins/woocommerce-pdf-invoices-packing-slips/vendor/dompdf/dompdf/src/Renderer.php(207): Dompdf\Renderer->render()
#6 /var/www/html/wordpress/wordpress/wp-content/plugins/woocommerce-pdf-invoices-packing-slips/vendor/dompdf/dompdf/src/Renderer.php(207): Dompdf\Renderer->render()
#7 /var/www/html/wordpress/wordpress/wp-content/plugins/woocommerce-pdf-invoices-packing-slips/vendor/dompdf/dompdf/src/Renderer.php(207): Dompdf\Renderer->render()
#8 /var/www/html/wordpress/wordpress/wp-content/plugins/woocommerce-pdf-invoices-packing-slips/vendor/dompdf/dompdf/src/Renderer.php(207): Dompdf\Renderer->render()
#9 /var/www/html/wordpress/wordpress/wp-content/plugins/woocommerce-pdf-invoices-packing-slips/vendor/dompdf/dompdf/src/FrameReflower/Page.php(149): Dompdf\Renderer->render()
#10 /var/www/html/wordpress/wordpress/wp-content/plugins/woocommerce-pdf-invoices-packing-slips/vendor/dompdf/dompdf/src/FrameDecorator/AbstractFrameDecorator.php(905): Dompdf\FrameReflower\Page->reflow()
#11 /var/www/html/wordpress/wordpress/wp-content/plugins/woocommerce-pdf-invoices-packing-slips/vendor/dompdf/dompdf/src/Dompdf.php(808): Dompdf\FrameDecorator\AbstractFrameDecorator->reflow()
#12 /var/www/html/wordpress/wordpress/wp-content/plugins/woocommerce-pdf-invoices-packing-slips/includes/makers/class-pdf-maker.php(54): Dompdf\Dompdf->render()
#13 /var/www/html/wordpress/wordpress/wp-content/plugins/woocommerce-pdf-invoices-packing-slips/includes/documents/abstract-wcpdf-order-document.php(1052): WPO\WC\PDF_Invoices\Makers\PDF_Maker->output()
#14 /var/www/html/wordpress/wordpress/wp-content/plugins/woocommerce-pdf-invoices-packing-slips/includes/class-wcpdf-settings.php(338): WPO\WC\PDF_Invoices\Documents\Order_Document->preview_pdf()
#15 /var/www/html/wordpress/wordpress/wp-includes/class-wp-hook.php(324): WPO\WC\PDF_Invoices\Settings->ajax_preview()
#16 /var/www/html/wordpress/wordpress/wp-includes/class-wp-hook.php(348): WP_Hook->apply_filters()
#17 /var/www/html/wordpress/wordpress/wp-includes/plugin.php(517): WP_Hook->do_action()
#18 /var/www/html/wordpress/wordpress/wp-admin/admin-ajax.php(192): do_action()
#19 {main}
2024-09-08T20:31:54+00:00 CRITICAL Error trying to generate document: #0 /var/www/html/wordpress/wordpress/wp-content/plugins/woocommerce-pdf-invoices-packing-slips/vendor/dompdf/dompdf/src/Adapter/CPDF.php(668): Dompdf\Cpdf->addPngFromFile()
#1 /var/www/html/wordpress/wordpress/wp-content/plugins/woocommerce-pdf-invoices-packing-slips/vendor/dompdf/dompdf/src/Renderer/Image.php(63): Dompdf\Adapter\CPDF->image()
#2 /var/www/html/wordpress/wordpress/wp-content/plugins/woocommerce-pdf-invoices-packing-slips/vendor/dompdf/dompdf/src/Renderer.php(305): Dompdf\Renderer\Image->render()
#3 /var/www/html/wordpress/wordpress/wp-content/plugins/woocommerce-pdf-invoices-packing-slips/vendor/dompdf/dompdf/src/Renderer.php(140): Dompdf\Renderer->_render_frame()
#4 /var/www/html/wordpress/wordpress/wp-content/plugins/woocommerce-pdf-invoices-packing-slips/vendor/dompdf/dompdf/src/Renderer.php(207): Dompdf\Renderer->render()
#5 /var/www/html/wordpress/wordpress/wp-content/plugins/woocommerce-pdf-invoices-packing-slips/vendor/dompdf/dompdf/src/Renderer.php(207): Dompdf\Renderer->render()
#6 /var/www/html/wordpress/wordpress/wp-content/plugins/woocommerce-pdf-invoices-packing-slips/vendor/dompdf/dompdf/src/Renderer.php(207): Dompdf\Renderer->render()
#7 /var/www/html/wordpress/wordpress/wp-content/plugins/woocommerce-pdf-invoices-packing-slips/vendor/dompdf/dompdf/src/Renderer.php(207): Dompdf\Renderer->render()
#8 /var/www/html/wordpress/wordpress/wp-content/plugins/woocommerce-pdf-invoices-packing-slips/vendor/dompdf/dompdf/src/Renderer.php(207): Dompdf\Renderer->render()
#9 /var/www/html/wordpress/wordpress/wp-content/plugins/woocommerce-pdf-invoices-packing-slips/vendor/dompdf/dompdf/src/FrameReflower/Page.php(149): Dompdf\Renderer->render()
#10 /var/www/html/wordpress/wordpress/wp-content/plugins/woocommerce-pdf-invoices-packing-slips/vendor/dompdf/dompdf/src/FrameDecorator/AbstractFrameDecorator.php(905): Dompdf\FrameReflower\Page->reflow()
#11 /var/www/html/wordpress/wordpress/wp-content/plugins/woocommerce-pdf-invoices-packing-slips/vendor/dompdf/dompdf/src/Dompdf.php(808): Dompdf\FrameDecorator\AbstractFrameDecorator->reflow()
#12 /var/www/html/wordpress/wordpress/wp-content/plugins/woocommerce-pdf-invoices-packing-slips/includes/makers/class-pdf-maker.php(54): Dompdf\Dompdf->render()
#13 /var/www/html/wordpress/wordpress/wp-content/plugins/woocommerce-pdf-invoices-packing-slips/includes/documents/abstract-wcpdf-order-document.php(1052): WPO\WC\PDF_Invoices\Makers\PDF_Maker->output()
#14 /var/www/html/wordpress/wordpress/wp-content/plugins/woocommerce-pdf-invoices-packing-slips/includes/class-wcpdf-settings.php(338): WPO\WC\PDF_Invoices\Documents\Order_Document->preview_pdf()
#15 /var/www/html/wordpress/wordpress/wp-includes/class-wp-hook.php(324): WPO\WC\PDF_Invoices\Settings->ajax_preview()
#16 /var/www/html/wordpress/wordpress/wp-includes/class-wp-hook.php(348): WP_Hook->apply_filters()
#17 /var/www/html/wordpress/wordpress/wp-includes/plugin.php(517): WP_Hook->do_action()
#18 /var/www/html/wordpress/wordpress/wp-admin/admin-ajax.php(192): do_action()
#19 {main}
